<?xml version="1.0" encoding="UTF-8"?>
<testsuite xmlns:xsi="http://www.w3.org/2001/XMLSchema-instance" xsi:noNamespaceSchemaLocation="https://maven.apache.org/surefire/maven-surefire-plugin/xsd/surefire-test-report.xsd" name="com.example.chipimp.ChipimpApplicationTests" time="5.17" tests="1" errors="0" skipped="0" failures="0">
  <properties>
    <property name="sun.desktop" value="windows"/>
    <property name="awt.toolkit" value="sun.awt.windows.WToolkit"/>
    <property name="file.encoding.pkg" value="sun.io"/>
    <property name="java.specification.version" value="1.8"/>
    <property name="sun.cpu.isalist" value="amd64"/>
    <property name="sun.jnu.encoding" value="GBK"/>
    <property name="java.class.path" value="F:\MyJ\chipimp\target\test-classes;F:\MyJ\chipimp\target\classes;E:\Maven\junit\junit\4.13.1\junit-4.13.1.jar;E:\Maven\org\hamcrest\hamcrest-core\2.2\hamcrest-core-2.2.jar;E:\Maven\org\springframework\boot\spring-boot-starter\2.4.1\spring-boot-starter-2.4.1.jar;E:\Maven\org\springframework\boot\spring-boot\2.4.1\spring-boot-2.4.1.jar;E:\Maven\org\springframework\spring-context\5.3.2\spring-context-5.3.2.jar;E:\Maven\org\springframework\boot\spring-boot-autoconfigure\2.4.1\spring-boot-autoconfigure-2.4.1.jar;E:\Maven\org\springframework\boot\spring-boot-starter-logging\2.4.1\spring-boot-starter-logging-2.4.1.jar;E:\Maven\ch\qos\logback\logback-classic\1.2.3\logback-classic-1.2.3.jar;E:\Maven\ch\qos\logback\logback-core\1.2.3\logback-core-1.2.3.jar;E:\Maven\org\apache\logging\log4j\log4j-to-slf4j\2.13.3\log4j-to-slf4j-2.13.3.jar;E:\Maven\org\apache\logging\log4j\log4j-api\2.13.3\log4j-api-2.13.3.jar;E:\Maven\org\slf4j\jul-to-slf4j\1.7.30\jul-to-slf4j-1.7.30.jar;E:\Maven\jakarta\annotation\jakarta.annotation-api\1.3.5\jakarta.annotation-api-1.3.5.jar;E:\Maven\org\springframework\spring-core\5.3.2\spring-core-5.3.2.jar;E:\Maven\org\springframework\spring-jcl\5.3.2\spring-jcl-5.3.2.jar;E:\Maven\org\yaml\snakeyaml\1.27\snakeyaml-1.27.jar;E:\Maven\org\springframework\boot\spring-boot-starter-test\2.4.1\spring-boot-starter-test-2.4.1.jar;E:\Maven\org\springframework\boot\spring-boot-test\2.4.1\spring-boot-test-2.4.1.jar;E:\Maven\org\springframework\boot\spring-boot-test-autoconfigure\2.4.1\spring-boot-test-autoconfigure-2.4.1.jar;E:\Maven\com\jayway\jsonpath\json-path\2.4.0\json-path-2.4.0.jar;E:\Maven\net\minidev\json-smart\2.3\json-smart-2.3.jar;E:\Maven\net\minidev\accessors-smart\1.2\accessors-smart-1.2.jar;E:\Maven\org\ow2\asm\asm\5.0.4\asm-5.0.4.jar;E:\Maven\org\slf4j\slf4j-api\1.7.30\slf4j-api-1.7.30.jar;E:\Maven\jakarta\xml\bind\jakarta.xml.bind-api\2.3.3\jakarta.xml.bind-api-2.3.3.jar;E:\Maven\jakarta\activation\jakarta.activation-api\1.2.2\jakarta.activation-api-1.2.2.jar;E:\Maven\org\assertj\assertj-core\3.18.1\assertj-core-3.18.1.jar;E:\Maven\org\hamcrest\hamcrest\2.2\hamcrest-2.2.jar;E:\Maven\org\junit\jupiter\junit-jupiter\5.7.0\junit-jupiter-5.7.0.jar;E:\Maven\org\junit\jupiter\junit-jupiter-api\5.7.0\junit-jupiter-api-5.7.0.jar;E:\Maven\org\apiguardian\apiguardian-api\1.1.0\apiguardian-api-1.1.0.jar;E:\Maven\org\opentest4j\opentest4j\1.2.0\opentest4j-1.2.0.jar;E:\Maven\org\junit\platform\junit-platform-commons\1.7.0\junit-platform-commons-1.7.0.jar;E:\Maven\org\junit\jupiter\junit-jupiter-params\5.7.0\junit-jupiter-params-5.7.0.jar;E:\Maven\org\junit\jupiter\junit-jupiter-engine\5.7.0\junit-jupiter-engine-5.7.0.jar;E:\Maven\org\junit\platform\junit-platform-engine\1.7.0\junit-platform-engine-1.7.0.jar;E:\Maven\org\mockito\mockito-core\3.6.28\mockito-core-3.6.28.jar;E:\Maven\net\bytebuddy\byte-buddy\1.10.18\byte-buddy-1.10.18.jar;E:\Maven\net\bytebuddy\byte-buddy-agent\1.10.18\byte-buddy-agent-1.10.18.jar;E:\Maven\org\objenesis\objenesis\3.1\objenesis-3.1.jar;E:\Maven\org\mockito\mockito-junit-jupiter\3.6.28\mockito-junit-jupiter-3.6.28.jar;E:\Maven\org\skyscreamer\jsonassert\1.5.0\jsonassert-1.5.0.jar;E:\Maven\com\vaadin\external\google\android-json\0.0.20131108.vaadin1\android-json-0.0.20131108.vaadin1.jar;E:\Maven\org\springframework\spring-test\5.3.2\spring-test-5.3.2.jar;E:\Maven\org\xmlunit\xmlunit-core\2.7.0\xmlunit-core-2.7.0.jar;E:\Maven\org\springframework\boot\spring-boot-starter-thymeleaf\2.4.1\spring-boot-starter-thymeleaf-2.4.1.jar;E:\Maven\org\thymeleaf\thymeleaf-spring5\3.0.11.RELEASE\thymeleaf-spring5-3.0.11.RELEASE.jar;E:\Maven\org\thymeleaf\thymeleaf\3.0.11.RELEASE\thymeleaf-3.0.11.RELEASE.jar;E:\Maven\org\attoparser\attoparser\2.0.5.RELEASE\attoparser-2.0.5.RELEASE.jar;E:\Maven\org\unbescape\unbescape\1.1.6.RELEASE\unbescape-1.1.6.RELEASE.jar;E:\Maven\org\thymeleaf\extras\thymeleaf-extras-java8time\3.0.4.RELEASE\thymeleaf-extras-java8time-3.0.4.RELEASE.jar;E:\Maven\org\springframework\boot\spring-boot-starter-web\2.4.1\spring-boot-starter-web-2.4.1.jar;E:\Maven\org\springframework\boot\spring-boot-starter-json\2.4.1\spring-boot-starter-json-2.4.1.jar;E:\Maven\com\fasterxml\jackson\core\jackson-databind\2.11.3\jackson-databind-2.11.3.jar;E:\Maven\com\fasterxml\jackson\core\jackson-annotations\2.11.3\jackson-annotations-2.11.3.jar;E:\Maven\com\fasterxml\jackson\core\jackson-core\2.11.3\jackson-core-2.11.3.jar;E:\Maven\com\fasterxml\jackson\datatype\jackson-datatype-jdk8\2.11.3\jackson-datatype-jdk8-2.11.3.jar;E:\Maven\com\fasterxml\jackson\datatype\jackson-datatype-jsr310\2.11.3\jackson-datatype-jsr310-2.11.3.jar;E:\Maven\com\fasterxml\jackson\module\jackson-module-parameter-names\2.11.3\jackson-module-parameter-names-2.11.3.jar;E:\Maven\org\springframework\boot\spring-boot-starter-tomcat\2.4.1\spring-boot-starter-tomcat-2.4.1.jar;E:\Maven\org\glassfish\jakarta.el\3.0.3\jakarta.el-3.0.3.jar;E:\Maven\org\apache\tomcat\embed\tomcat-embed-websocket\9.0.41\tomcat-embed-websocket-9.0.41.jar;E:\Maven\org\springframework\spring-web\5.3.2\spring-web-5.3.2.jar;E:\Maven\org\springframework\spring-beans\5.3.2\spring-beans-5.3.2.jar;E:\Maven\org\springframework\spring-webmvc\5.3.2\spring-webmvc-5.3.2.jar;E:\Maven\org\springframework\spring-aop\5.3.2\spring-aop-5.3.2.jar;E:\Maven\org\springframework\spring-expression\5.3.2\spring-expression-5.3.2.jar;E:\Maven\org\mybatis\spring\boot\mybatis-spring-boot-starter\1.3.1\mybatis-spring-boot-starter-1.3.1.jar;E:\Maven\org\springframework\boot\spring-boot-starter-jdbc\2.4.1\spring-boot-starter-jdbc-2.4.1.jar;E:\Maven\com\zaxxer\HikariCP\3.4.5\HikariCP-3.4.5.jar;E:\Maven\org\springframework\spring-jdbc\5.3.2\spring-jdbc-5.3.2.jar;E:\Maven\org\mybatis\spring\boot\mybatis-spring-boot-autoconfigure\1.3.1\mybatis-spring-boot-autoconfigure-1.3.1.jar;E:\Maven\org\mybatis\mybatis\3.4.5\mybatis-3.4.5.jar;E:\Maven\org\mybatis\mybatis-spring\1.3.1\mybatis-spring-1.3.1.jar;E:\Maven\org\springframework\boot\spring-boot-devtools\2.4.1\spring-boot-devtools-2.4.1.jar;E:\Maven\org\springframework\boot\spring-boot-starter-data-jpa\2.4.1\spring-boot-starter-data-jpa-2.4.1.jar;E:\Maven\org\springframework\boot\spring-boot-starter-aop\2.4.1\spring-boot-starter-aop-2.4.1.jar;E:\Maven\org\aspectj\aspectjweaver\1.9.6\aspectjweaver-1.9.6.jar;E:\Maven\jakarta\transaction\jakarta.transaction-api\1.3.3\jakarta.transaction-api-1.3.3.jar;E:\Maven\jakarta\persistence\jakarta.persistence-api\2.2.3\jakarta.persistence-api-2.2.3.jar;E:\Maven\org\hibernate\hibernate-core\5.4.25.Final\hibernate-core-5.4.25.Final.jar;E:\Maven\org\jboss\logging\jboss-logging\3.4.1.Final\jboss-logging-3.4.1.Final.jar;E:\Maven\org\javassist\javassist\3.27.0-GA\javassist-3.27.0-GA.jar;E:\Maven\antlr\antlr\2.7.7\antlr-2.7.7.jar;E:\Maven\org\jboss\jandex\2.1.3.Final\jandex-2.1.3.Final.jar;E:\Maven\com\fasterxml\classmate\1.5.1\classmate-1.5.1.jar;E:\Maven\org\dom4j\dom4j\2.1.3\dom4j-2.1.3.jar;E:\Maven\org\hibernate\common\hibernate-commons-annotations\5.1.2.Final\hibernate-commons-annotations-5.1.2.Final.jar;E:\Maven\org\glassfish\jaxb\jaxb-runtime\2.3.3\jaxb-runtime-2.3.3.jar;E:\Maven\org\glassfish\jaxb\txw2\2.3.3\txw2-2.3.3.jar;E:\Maven\com\sun\istack\istack-commons-runtime\3.0.11\istack-commons-runtime-3.0.11.jar;E:\Maven\com\sun\activation\jakarta.activation\1.2.2\jakarta.activation-1.2.2.jar;E:\Maven\org\springframework\data\spring-data-jpa\2.4.2\spring-data-jpa-2.4.2.jar;E:\Maven\org\springframework\data\spring-data-commons\2.4.2\spring-data-commons-2.4.2.jar;E:\Maven\org\springframework\spring-orm\5.3.2\spring-orm-5.3.2.jar;E:\Maven\org\springframework\spring-tx\5.3.2\spring-tx-5.3.2.jar;E:\Maven\org\springframework\spring-aspects\5.3.2\spring-aspects-5.3.2.jar;E:\Maven\mysql\mysql-connector-java\8.0.22\mysql-connector-java-8.0.22.jar;E:\Maven\javax\servlet\javax.servlet-api\4.0.1\javax.servlet-api-4.0.1.jar;E:\Maven\javax\servlet\jstl\1.2\jstl-1.2.jar;E:\Maven\org\apache\tomcat\embed\tomcat-embed-jasper\9.0.41\tomcat-embed-jasper-9.0.41.jar;E:\Maven\org\apache\tomcat\embed\tomcat-embed-core\9.0.41\tomcat-embed-core-9.0.41.jar;E:\Maven\org\apache\tomcat\tomcat-annotations-api\9.0.41\tomcat-annotations-api-9.0.41.jar;E:\Maven\org\apache\tomcat\embed\tomcat-embed-el\9.0.41\tomcat-embed-el-9.0.41.jar;E:\Maven\org\eclipse\jdt\ecj\3.18.0\ecj-3.18.0.jar;E:\Maven\com\alibaba\fastjson\1.2.33\fastjson-1.2.33.jar;E:\Maven\org\projectlombok\lombok\1.18.4\lombok-1.18.4.jar;E:\Maven\log4j\log4j\1.2.17\log4j-1.2.17.jar;E:\Maven\org\webjars\bower\jquery\3.4.1\jquery-3.4.1.jar;E:\Maven\org\webjars\bootstrap\4.2.1\bootstrap-4.2.1.jar;E:\Maven\org\webjars\jquery\3.0.0\jquery-3.0.0.jar;E:\Maven\org\webjars\popper.js\1.14.3\popper.js-1.14.3.jar;"/>
    <property name="java.vm.vendor" value="Oracle Corporation"/>
    <property name="sun.arch.data.model" value="64"/>
    <property name="user.variant" value=""/>
    <property name="java.vendor.url" value="http://java.oracle.com/"/>
    <property name="user.timezone" value="Asia/Shanghai"/>
    <property name="java.vm.specification.version" value="1.8"/>
    <property name="os.name" value="Windows 10"/>
    <property name="user.country" value="CN"/>
    <property name="sun.java.launcher" value="SUN_STANDARD"/>
    <property name="sun.boot.library.path" value="C:\Program Files\Java\jdk1.8.0_202\jre\bin"/>
    <property name="sun.java.command" value="C:\Users\Dell\AppData\Local\Temp\surefire168904363917444421\surefirebooter2987390035952222618.jar C:\Users\Dell\AppData\Local\Temp\surefire168904363917444421 2021-01-25T14-23-35_305-jvmRun1 surefire2726076364460896961tmp surefire_08397603188845655007tmp"/>
    <property name="surefire.test.class.path" value="F:\MyJ\chipimp\target\test-classes;F:\MyJ\chipimp\target\classes;E:\Maven\junit\junit\4.13.1\junit-4.13.1.jar;E:\Maven\org\hamcrest\hamcrest-core\2.2\hamcrest-core-2.2.jar;E:\Maven\org\springframework\boot\spring-boot-starter\2.4.1\spring-boot-starter-2.4.1.jar;E:\Maven\org\springframework\boot\spring-boot\2.4.1\spring-boot-2.4.1.jar;E:\Maven\org\springframework\spring-context\5.3.2\spring-context-5.3.2.jar;E:\Maven\org\springframework\boot\spring-boot-autoconfigure\2.4.1\spring-boot-autoconfigure-2.4.1.jar;E:\Maven\org\springframework\boot\spring-boot-starter-logging\2.4.1\spring-boot-starter-logging-2.4.1.jar;E:\Maven\ch\qos\logback\logback-classic\1.2.3\logback-classic-1.2.3.jar;E:\Maven\ch\qos\logback\logback-core\1.2.3\logback-core-1.2.3.jar;E:\Maven\org\apache\logging\log4j\log4j-to-slf4j\2.13.3\log4j-to-slf4j-2.13.3.jar;E:\Maven\org\apache\logging\log4j\log4j-api\2.13.3\log4j-api-2.13.3.jar;E:\Maven\org\slf4j\jul-to-slf4j\1.7.30\jul-to-slf4j-1.7.30.jar;E:\Maven\jakarta\annotation\jakarta.annotation-api\1.3.5\jakarta.annotation-api-1.3.5.jar;E:\Maven\org\springframework\spring-core\5.3.2\spring-core-5.3.2.jar;E:\Maven\org\springframework\spring-jcl\5.3.2\spring-jcl-5.3.2.jar;E:\Maven\org\yaml\snakeyaml\1.27\snakeyaml-1.27.jar;E:\Maven\org\springframework\boot\spring-boot-starter-test\2.4.1\spring-boot-starter-test-2.4.1.jar;E:\Maven\org\springframework\boot\spring-boot-test\2.4.1\spring-boot-test-2.4.1.jar;E:\Maven\org\springframework\boot\spring-boot-test-autoconfigure\2.4.1\spring-boot-test-autoconfigure-2.4.1.jar;E:\Maven\com\jayway\jsonpath\json-path\2.4.0\json-path-2.4.0.jar;E:\Maven\net\minidev\json-smart\2.3\json-smart-2.3.jar;E:\Maven\net\minidev\accessors-smart\1.2\accessors-smart-1.2.jar;E:\Maven\org\ow2\asm\asm\5.0.4\asm-5.0.4.jar;E:\Maven\org\slf4j\slf4j-api\1.7.30\slf4j-api-1.7.30.jar;E:\Maven\jakarta\xml\bind\jakarta.xml.bind-api\2.3.3\jakarta.xml.bind-api-2.3.3.jar;E:\Maven\jakarta\activation\jakarta.activation-api\1.2.2\jakarta.activation-api-1.2.2.jar;E:\Maven\org\assertj\assertj-core\3.18.1\assertj-core-3.18.1.jar;E:\Maven\org\hamcrest\hamcrest\2.2\hamcrest-2.2.jar;E:\Maven\org\junit\jupiter\junit-jupiter\5.7.0\junit-jupiter-5.7.0.jar;E:\Maven\org\junit\jupiter\junit-jupiter-api\5.7.0\junit-jupiter-api-5.7.0.jar;E:\Maven\org\apiguardian\apiguardian-api\1.1.0\apiguardian-api-1.1.0.jar;E:\Maven\org\opentest4j\opentest4j\1.2.0\opentest4j-1.2.0.jar;E:\Maven\org\junit\platform\junit-platform-commons\1.7.0\junit-platform-commons-1.7.0.jar;E:\Maven\org\junit\jupiter\junit-jupiter-params\5.7.0\junit-jupiter-params-5.7.0.jar;E:\Maven\org\junit\jupiter\junit-jupiter-engine\5.7.0\junit-jupiter-engine-5.7.0.jar;E:\Maven\org\junit\platform\junit-platform-engine\1.7.0\junit-platform-engine-1.7.0.jar;E:\Maven\org\mockito\mockito-core\3.6.28\mockito-core-3.6.28.jar;E:\Maven\net\bytebuddy\byte-buddy\1.10.18\byte-buddy-1.10.18.jar;E:\Maven\net\bytebuddy\byte-buddy-agent\1.10.18\byte-buddy-agent-1.10.18.jar;E:\Maven\org\objenesis\objenesis\3.1\objenesis-3.1.jar;E:\Maven\org\mockito\mockito-junit-jupiter\3.6.28\mockito-junit-jupiter-3.6.28.jar;E:\Maven\org\skyscreamer\jsonassert\1.5.0\jsonassert-1.5.0.jar;E:\Maven\com\vaadin\external\google\android-json\0.0.20131108.vaadin1\android-json-0.0.20131108.vaadin1.jar;E:\Maven\org\springframework\spring-test\5.3.2\spring-test-5.3.2.jar;E:\Maven\org\xmlunit\xmlunit-core\2.7.0\xmlunit-core-2.7.0.jar;E:\Maven\org\springframework\boot\spring-boot-starter-thymeleaf\2.4.1\spring-boot-starter-thymeleaf-2.4.1.jar;E:\Maven\org\thymeleaf\thymeleaf-spring5\3.0.11.RELEASE\thymeleaf-spring5-3.0.11.RELEASE.jar;E:\Maven\org\thymeleaf\thymeleaf\3.0.11.RELEASE\thymeleaf-3.0.11.RELEASE.jar;E:\Maven\org\attoparser\attoparser\2.0.5.RELEASE\attoparser-2.0.5.RELEASE.jar;E:\Maven\org\unbescape\unbescape\1.1.6.RELEASE\unbescape-1.1.6.RELEASE.jar;E:\Maven\org\thymeleaf\extras\thymeleaf-extras-java8time\3.0.4.RELEASE\thymeleaf-extras-java8time-3.0.4.RELEASE.jar;E:\Maven\org\springframework\boot\spring-boot-starter-web\2.4.1\spring-boot-starter-web-2.4.1.jar;E:\Maven\org\springframework\boot\spring-boot-starter-json\2.4.1\spring-boot-starter-json-2.4.1.jar;E:\Maven\com\fasterxml\jackson\core\jackson-databind\2.11.3\jackson-databind-2.11.3.jar;E:\Maven\com\fasterxml\jackson\core\jackson-annotations\2.11.3\jackson-annotations-2.11.3.jar;E:\Maven\com\fasterxml\jackson\core\jackson-core\2.11.3\jackson-core-2.11.3.jar;E:\Maven\com\fasterxml\jackson\datatype\jackson-datatype-jdk8\2.11.3\jackson-datatype-jdk8-2.11.3.jar;E:\Maven\com\fasterxml\jackson\datatype\jackson-datatype-jsr310\2.11.3\jackson-datatype-jsr310-2.11.3.jar;E:\Maven\com\fasterxml\jackson\module\jackson-module-parameter-names\2.11.3\jackson-module-parameter-names-2.11.3.jar;E:\Maven\org\springframework\boot\spring-boot-starter-tomcat\2.4.1\spring-boot-starter-tomcat-2.4.1.jar;E:\Maven\org\glassfish\jakarta.el\3.0.3\jakarta.el-3.0.3.jar;E:\Maven\org\apache\tomcat\embed\tomcat-embed-websocket\9.0.41\tomcat-embed-websocket-9.0.41.jar;E:\Maven\org\springframework\spring-web\5.3.2\spring-web-5.3.2.jar;E:\Maven\org\springframework\spring-beans\5.3.2\spring-beans-5.3.2.jar;E:\Maven\org\springframework\spring-webmvc\5.3.2\spring-webmvc-5.3.2.jar;E:\Maven\org\springframework\spring-aop\5.3.2\spring-aop-5.3.2.jar;E:\Maven\org\springframework\spring-expression\5.3.2\spring-expression-5.3.2.jar;E:\Maven\org\mybatis\spring\boot\mybatis-spring-boot-starter\1.3.1\mybatis-spring-boot-starter-1.3.1.jar;E:\Maven\org\springframework\boot\spring-boot-starter-jdbc\2.4.1\spring-boot-starter-jdbc-2.4.1.jar;E:\Maven\com\zaxxer\HikariCP\3.4.5\HikariCP-3.4.5.jar;E:\Maven\org\springframework\spring-jdbc\5.3.2\spring-jdbc-5.3.2.jar;E:\Maven\org\mybatis\spring\boot\mybatis-spring-boot-autoconfigure\1.3.1\mybatis-spring-boot-autoconfigure-1.3.1.jar;E:\Maven\org\mybatis\mybatis\3.4.5\mybatis-3.4.5.jar;E:\Maven\org\mybatis\mybatis-spring\1.3.1\mybatis-spring-1.3.1.jar;E:\Maven\org\springframework\boot\spring-boot-devtools\2.4.1\spring-boot-devtools-2.4.1.jar;E:\Maven\org\springframework\boot\spring-boot-starter-data-jpa\2.4.1\spring-boot-starter-data-jpa-2.4.1.jar;E:\Maven\org\springframework\boot\spring-boot-starter-aop\2.4.1\spring-boot-starter-aop-2.4.1.jar;E:\Maven\org\aspectj\aspectjweaver\1.9.6\aspectjweaver-1.9.6.jar;E:\Maven\jakarta\transaction\jakarta.transaction-api\1.3.3\jakarta.transaction-api-1.3.3.jar;E:\Maven\jakarta\persistence\jakarta.persistence-api\2.2.3\jakarta.persistence-api-2.2.3.jar;E:\Maven\org\hibernate\hibernate-core\5.4.25.Final\hibernate-core-5.4.25.Final.jar;E:\Maven\org\jboss\logging\jboss-logging\3.4.1.Final\jboss-logging-3.4.1.Final.jar;E:\Maven\org\javassist\javassist\3.27.0-GA\javassist-3.27.0-GA.jar;E:\Maven\antlr\antlr\2.7.7\antlr-2.7.7.jar;E:\Maven\org\jboss\jandex\2.1.3.Final\jandex-2.1.3.Final.jar;E:\Maven\com\fasterxml\classmate\1.5.1\classmate-1.5.1.jar;E:\Maven\org\dom4j\dom4j\2.1.3\dom4j-2.1.3.jar;E:\Maven\org\hibernate\common\hibernate-commons-annotations\5.1.2.Final\hibernate-commons-annotations-5.1.2.Final.jar;E:\Maven\org\glassfish\jaxb\jaxb-runtime\2.3.3\jaxb-runtime-2.3.3.jar;E:\Maven\org\glassfish\jaxb\txw2\2.3.3\txw2-2.3.3.jar;E:\Maven\com\sun\istack\istack-commons-runtime\3.0.11\istack-commons-runtime-3.0.11.jar;E:\Maven\com\sun\activation\jakarta.activation\1.2.2\jakarta.activation-1.2.2.jar;E:\Maven\org\springframework\data\spring-data-jpa\2.4.2\spring-data-jpa-2.4.2.jar;E:\Maven\org\springframework\data\spring-data-commons\2.4.2\spring-data-commons-2.4.2.jar;E:\Maven\org\springframework\spring-orm\5.3.2\spring-orm-5.3.2.jar;E:\Maven\org\springframework\spring-tx\5.3.2\spring-tx-5.3.2.jar;E:\Maven\org\springframework\spring-aspects\5.3.2\spring-aspects-5.3.2.jar;E:\Maven\mysql\mysql-connector-java\8.0.22\mysql-connector-java-8.0.22.jar;E:\Maven\javax\servlet\javax.servlet-api\4.0.1\javax.servlet-api-4.0.1.jar;E:\Maven\javax\servlet\jstl\1.2\jstl-1.2.jar;E:\Maven\org\apache\tomcat\embed\tomcat-embed-jasper\9.0.41\tomcat-embed-jasper-9.0.41.jar;E:\Maven\org\apache\tomcat\embed\tomcat-embed-core\9.0.41\tomcat-embed-core-9.0.41.jar;E:\Maven\org\apache\tomcat\tomcat-annotations-api\9.0.41\tomcat-annotations-api-9.0.41.jar;E:\Maven\org\apache\tomcat\embed\tomcat-embed-el\9.0.41\tomcat-embed-el-9.0.41.jar;E:\Maven\org\eclipse\jdt\ecj\3.18.0\ecj-3.18.0.jar;E:\Maven\com\alibaba\fastjson\1.2.33\fastjson-1.2.33.jar;E:\Maven\org\projectlombok\lombok\1.18.4\lombok-1.18.4.jar;E:\Maven\log4j\log4j\1.2.17\log4j-1.2.17.jar;E:\Maven\org\webjars\bower\jquery\3.4.1\jquery-3.4.1.jar;E:\Maven\org\webjars\bootstrap\4.2.1\bootstrap-4.2.1.jar;E:\Maven\org\webjars\jquery\3.0.0\jquery-3.0.0.jar;E:\Maven\org\webjars\popper.js\1.14.3\popper.js-1.14.3.jar;"/>
    <property name="sun.cpu.endian" value="little"/>
    <property name="user.home" value="C:\Users\Dell"/>
    <property name="user.language" value="zh"/>
    <property name="java.specification.vendor" value="Oracle Corporation"/>
    <property name="java.home" value="C:\Program Files\Java\jdk1.8.0_202\jre"/>
    <property name="basedir" value="F:\MyJ\chipimp"/>
    <property name="file.separator" value="\"/>
    <property name="line.separator" value="&#10;"/>
    <property name="java.vm.specification.vendor" value="Oracle Corporation"/>
    <property name="java.specification.name" value="Java Platform API Specification"/>
    <property name="java.awt.graphicsenv" value="sun.awt.Win32GraphicsEnvironment"/>
    <property name="surefire.real.class.path" value="C:\Users\Dell\AppData\Local\Temp\surefire168904363917444421\surefirebooter2987390035952222618.jar"/>
    <property name="sun.boot.class.path" value="C:\Program Files\Java\jdk1.8.0_202\jre\lib\resources.jar;C:\Program Files\Java\jdk1.8.0_202\jre\lib\rt.jar;C:\Program Files\Java\jdk1.8.0_202\jre\lib\sunrsasign.jar;C:\Program Files\Java\jdk1.8.0_202\jre\lib\jsse.jar;C:\Program Files\Java\jdk1.8.0_202\jre\lib\jce.jar;C:\Program Files\Java\jdk1.8.0_202\jre\lib\charsets.jar;C:\Program Files\Java\jdk1.8.0_202\jre\lib\jfr.jar;C:\Program Files\Java\jdk1.8.0_202\jre\classes"/>
    <property name="user.script" value=""/>
    <property name="sun.management.compiler" value="HotSpot 64-Bit Tiered Compilers"/>
    <property name="java.runtime.version" value="1.8.0_202-b08"/>
    <property name="user.name" value="Dell"/>
    <property name="path.separator" value=";"/>
    <property name="os.version" value="10.0"/>
    <property name="java.endorsed.dirs" value="C:\Program Files\Java\jdk1.8.0_202\jre\lib\endorsed"/>
    <property name="java.runtime.name" value="Java(TM) SE Runtime Environment"/>
    <property name="file.encoding" value="GBK"/>
    <property name="java.vm.name" value="Java HotSpot(TM) 64-Bit Server VM"/>
    <property name="localRepository" value="E:\Maven"/>
    <property name="java.vendor.url.bug" value="http://bugreport.sun.com/bugreport/"/>
    <property name="java.io.tmpdir" value="C:\Users\Dell\AppData\Local\Temp\"/>
    <property name="java.version" value="1.8.0_202"/>
    <property name="user.dir" value="F:\MyJ\chipimp"/>
    <property name="os.arch" value="amd64"/>
    <property name="java.vm.specification.name" value="Java Virtual Machine Specification"/>
    <property name="java.awt.printerjob" value="sun.awt.windows.WPrinterJob"/>
    <property name="idea.version2019.3.1" value="true"/>
    <property name="sun.os.patch.level" value=""/>
    <property name="java.library.path" value="C:\Program Files\Java\jdk1.8.0_202\jre\bin;C:\WINDOWS\Sun\Java\bin;C:\WINDOWS\system32;C:\WINDOWS;C:\Program Files (x86)\NetSarang\Xmanager 6\;C:\Program Files (x86)\Common Files\Oracle\Java\javapath;C:\Program Files (x86)\NetSarang\Xlpd 6\;C:\Program Files (x86)\Intel\Intel(R) Management Engine Components\iCLS\;C:\Program Files\Intel\Intel(R) Management Engine Components\iCLS\;C:\WINDOWS\system32;C:\WINDOWS;C:\WINDOWS\System32\Wbem;C:\WINDOWS\System32\WindowsPowerShell\v1.0\;C:\WINDOWS\System32\OpenSSH\;C:\Program Files (x86)\Intel\Intel(R) Management Engine Components\DAL;C:\Program Files\Intel\Intel(R) Management Engine Components\DAL;C:\Program Files\Java\jdk1.8.0_202\bin;C:\Program Files\Java\jdk1.8.0_202\jre\bin;C:\Program Files (x86)\Tesseract-OCR;C:\Program Files\OpenVPN\bin;E:\apache-tomcat-9.0.39\bin;E:\apache-tomcat-9.0.39\lib;D:\apache-maven-3.6.3\bin;E:\mysql-5.7.31-winx64\bin;C:\Program Files\Git\cmd;C:\Users\Dell\AppData\Local\Microsoft\WindowsApps;C:\Program Files (x86)\Google\Chrome\Application;C:\Program Files (x86)\Tesseract-OCR;C:\Windows\System32;;C:\Users\Dell\AppData\Local\Programs\Fiddler;%USERPROFILE%\AppData\Local\Microsoft\WindowsApps;."/>
    <property name="java.vm.info" value="mixed mode"/>
    <property name="java.vendor" value="Oracle Corporation"/>
    <property name="java.vm.version" value="25.202-b08"/>
    <property name="java.ext.dirs" value="C:\Program Files\Java\jdk1.8.0_202\jre\lib\ext;C:\WINDOWS\Sun\Java\lib\ext"/>
    <property name="sun.io.unicode.encoding" value="UnicodeLittle"/>
    <property name="java.class.version" value="52.0"/>
  </properties>
  <testcase name="contextLoads" classname="com.example.chipimp.ChipimpApplicationTests" time="0.091"/>
</testsuite>